[2020-12-19 05:29:33] production.ERROR: Undefined index: SERVER_PORT {"exception":"[object] (ErrorException(code: 0): Undefined index: SERVER_PORT at /var/project/xlink/dsacwn_pos/app/Providers/AppServiceProvider.php:31)
[stacktrace]
#0 /var/project/xlink/dsacwn_pos/app/Providers/AppServiceProvider.php(31): Illuminate\\Foundation\\Bootstrap\\HandleExceptions->handleError()
#1 [internal function]: App\\Providers\\AppServiceProvider->boot()
#2 /var/project/xlink/dsacwn_pos/vendor/laravel/framework/src/Illuminate/Container/BoundMethod.php(29): call_user_func_array()
#3 /var/project/xlink/dsacwn_pos/vendor/laravel/framework/src/Illuminate/Container/BoundMethod.php(87): Illuminate\\Container\\BoundMethod::Illuminate\\Container\\{closure}()
#4 /var/project/xlink/dsacwn_pos/vendor/laravel/framework/src/Illuminate/Container/BoundMethod.php(31): Illuminate\\Container\\BoundMethod::callBoundMethod()
#5 /var/project/xlink/dsacwn_pos/vendor/laravel/framework/src/Illuminate/Container/Container.php(564): Illuminate\\Container\\BoundMethod::call()
#6 /var/project/xlink/dsacwn_pos/vendor/laravel/framework/src/Illuminate/Foundation/Application.php(794): Illuminate\\Container\\Container->call()
#7 /var/project/xlink/dsacwn_pos/vendor/laravel/framework/src/Illuminate/Foundation/Application.php(777): Illuminate\\Foundation\\Application->bootProvider()
#8 [internal function]: Illuminate\\Foundation\\Application->Illuminate\\Foundation\\{closure}()
#9 /var/project/xlink/dsacwn_pos/vendor/laravel/framework/src/Illuminate/Foundation/Application.php(778): array_walk()
#10 /var/project/xlink/dsacwn_pos/vendor/laravel/framework/src/Illuminate/Foundation/Bootstrap/BootProviders.php(17): Illuminate\\Foundation\\Application->boot()
#11 /var/project/xlink/dsacwn_pos/vendor/laravel/framework/src/Illuminate/Foundation/Application.php(206): Illuminate\\Foundation\\Bootstrap\\BootProviders->bootstrap()
#12 /var/project/xlink/dsacwn_pos/vendor/laravel/framework/src/Illuminate/Foundation/Console/Kernel.php(297): Illuminate\\Foundation\\Application->bootstrapWith()
#13 /var/project/xlink/dsacwn_pos/vendor/laravel/framework/src/Illuminate/Foundation/Console/Kernel.php(120): Illuminate\\Foundation\\Console\\Kernel->bootstrap()
#14 Command line code(1): Illuminate\\Foundation\\Console\\Kernel->handle()
#15 {main}
"} 
[2020-12-19 05:29:33] production.ERROR: Undefined index: SERVER_PORT {"exception":"[object] (ErrorException(code: 0): Undefined index: SERVER_PORT at /var/project/xlink/dsacwn_pos/app/Providers/AppServiceProvider.php:31)
[stacktrace]
#0 /var/project/xlink/dsacwn_pos/app/Providers/AppServiceProvider.php(31): Illuminate\\Foundation\\Bootstrap\\HandleExceptions->handleError()
#1 [internal function]: App\\Providers\\AppServiceProvider->boot()
#2 /var/project/xlink/dsacwn_pos/vendor/laravel/framework/src/Illuminate/Container/BoundMethod.php(29): call_user_func_array()
#3 /var/project/xlink/dsacwn_pos/vendor/laravel/framework/src/Illuminate/Container/BoundMethod.php(87): Illuminate\\Container\\BoundMethod::Illuminate\\Container\\{closure}()
#4 /var/project/xlink/dsacwn_pos/vendor/laravel/framework/src/Illuminate/Container/BoundMethod.php(31): Illuminate\\Container\\BoundMethod::callBoundMethod()
#5 /var/project/xlink/dsacwn_pos/vendor/laravel/framework/src/Illuminate/Container/Container.php(564): Illuminate\\Container\\BoundMethod::call()
#6 /var/project/xlink/dsacwn_pos/vendor/laravel/framework/src/Illuminate/Foundation/Application.php(794): Illuminate\\Container\\Container->call()
#7 /var/project/xlink/dsacwn_pos/vendor/laravel/framework/src/Illuminate/Foundation/Application.php(777): Illuminate\\Foundation\\Application->bootProvider()
#8 [internal function]: Illuminate\\Foundation\\Application->Illuminate\\Foundation\\{closure}()
#9 /var/project/xlink/dsacwn_pos/vendor/laravel/framework/src/Illuminate/Foundation/Application.php(778): array_walk()
#10 /var/project/xlink/dsacwn_pos/vendor/laravel/framework/src/Illuminate/Foundation/Bootstrap/BootProviders.php(17): Illuminate\\Foundation\\Application->boot()
#11 /var/project/xlink/dsacwn_pos/vendor/laravel/framework/src/Illuminate/Foundation/Application.php(206): Illuminate\\Foundation\\Bootstrap\\BootProviders->bootstrap()
#12 /var/project/xlink/dsacwn_pos/vendor/laravel/framework/src/Illuminate/Foundation/Console/Kernel.php(297): Illuminate\\Foundation\\Application->bootstrapWith()
#13 /var/project/xlink/dsacwn_pos/vendor/laravel/framework/src/Illuminate/Foundation/Console/Kernel.php(120): Illuminate\\Foundation\\Console\\Kernel->bootstrap()
#14 Command line code(1): Illuminate\\Foundation\\Console\\Kernel->handle()
#15 {main}
"} 
[2020-12-19 05:30:33] production.ERROR: Undefined index: SERVER_PORT {"exception":"[object] (ErrorException(code: 0): Undefined index: SERVER_PORT at /var/project/xlink/dsacwn_pos/app/Providers/AppServiceProvider.php:31)
[stacktrace]
#0 /var/project/xlink/dsacwn_pos/app/Providers/AppServiceProvider.php(31): Illuminate\\Foundation\\Bootstrap\\HandleExceptions->handleError()
#1 [internal function]: App\\Providers\\AppServiceProvider->boot()
#2 /var/project/xlink/dsacwn_pos/vendor/laravel/framework/src/Illuminate/Container/BoundMethod.php(29): call_user_func_array()
#3 /var/project/xlink/dsacwn_pos/vendor/laravel/framework/src/Illuminate/Container/BoundMethod.php(87): Illuminate\\Container\\BoundMethod::Illuminate\\Container\\{closure}()
#4 /var/project/xlink/dsacwn_pos/vendor/laravel/framework/src/Illuminate/Container/BoundMethod.php(31): Illuminate\\Container\\BoundMethod::callBoundMethod()
#5 /var/project/xlink/dsacwn_pos/vendor/laravel/framework/src/Illuminate/Container/Container.php(564): Illuminate\\Container\\BoundMethod::call()
#6 /var/project/xlink/dsacwn_pos/vendor/laravel/framework/src/Illuminate/Foundation/Application.php(794): Illuminate\\Container\\Container->call()
#7 /var/project/xlink/dsacwn_pos/vendor/laravel/framework/src/Illuminate/Foundation/Application.php(777): Illuminate\\Foundation\\Application->bootProvider()
#8 [internal function]: Illuminate\\Foundation\\Application->Illuminate\\Foundation\\{closure}()
#9 /var/project/xlink/dsacwn_pos/vendor/laravel/framework/src/Illuminate/Foundation/Application.php(778): array_walk()
#10 /var/project/xlink/dsacwn_pos/vendor/laravel/framework/src/Illuminate/Foundation/Bootstrap/BootProviders.php(17): Illuminate\\Foundation\\Application->boot()
#11 /var/project/xlink/dsacwn_pos/vendor/laravel/framework/src/Illuminate/Foundation/Application.php(206): Illuminate\\Foundation\\Bootstrap\\BootProviders->bootstrap()
#12 /var/project/xlink/dsacwn_pos/vendor/laravel/framework/src/Illuminate/Foundation/Console/Kernel.php(297): Illuminate\\Foundation\\Application->bootstrapWith()
#13 /var/project/xlink/dsacwn_pos/vendor/laravel/framework/src/Illuminate/Foundation/Console/Kernel.php(120): Illuminate\\Foundation\\Console\\Kernel->bootstrap()
#14 Command line code(1): Illuminate\\Foundation\\Console\\Kernel->handle()
#15 {main}
"} 
[2020-12-19 05:30:33] production.ERROR: Undefined index: SERVER_PORT {"exception":"[object] (ErrorException(code: 0): Undefined index: SERVER_PORT at /var/project/xlink/dsacwn_pos/app/Providers/AppServiceProvider.php:31)
[stacktrace]
#0 /var/project/xlink/dsacwn_pos/app/Providers/AppServiceProvider.php(31): Illuminate\\Foundation\\Bootstrap\\HandleExceptions->handleError()
#1 [internal function]: App\\Providers\\AppServiceProvider->boot()
#2 /var/project/xlink/dsacwn_pos/vendor/laravel/framework/src/Illuminate/Container/BoundMethod.php(29): call_user_func_array()
#3 /var/project/xlink/dsacwn_pos/vendor/laravel/framework/src/Illuminate/Container/BoundMethod.php(87): Illuminate\\Container\\BoundMethod::Illuminate\\Container\\{closure}()
#4 /var/project/xlink/dsacwn_pos/vendor/laravel/framework/src/Illuminate/Container/BoundMethod.php(31): Illuminate\\Container\\BoundMethod::callBoundMethod()
#5 /var/project/xlink/dsacwn_pos/vendor/laravel/framework/src/Illuminate/Container/Container.php(564): Illuminate\\Container\\BoundMethod::call()
#6 /var/project/xlink/dsacwn_pos/vendor/laravel/framework/src/Illuminate/Foundation/Application.php(794): Illuminate\\Container\\Container->call()
#7 /var/project/xlink/dsacwn_pos/vendor/laravel/framework/src/Illuminate/Foundation/Application.php(777): Illuminate\\Foundation\\Application->bootProvider()
#8 [internal function]: Illuminate\\Foundation\\Application->Illuminate\\Foundation\\{closure}()
#9 /var/project/xlink/dsacwn_pos/vendor/laravel/framework/src/Illuminate/Foundation/Application.php(778): array_walk()
#10 /var/project/xlink/dsacwn_pos/vendor/laravel/framework/src/Illuminate/Foundation/Bootstrap/BootProviders.php(17): Illuminate\\Foundation\\Application->boot()
#11 /var/project/xlink/dsacwn_pos/vendor/laravel/framework/src/Illuminate/Foundation/Application.php(206): Illuminate\\Foundation\\Bootstrap\\BootProviders->bootstrap()
#12 /var/project/xlink/dsacwn_pos/vendor/laravel/framework/src/Illuminate/Foundation/Console/Kernel.php(297): Illuminate\\Foundation\\Application->bootstrapWith()
#13 /var/project/xlink/dsacwn_pos/vendor/laravel/framework/src/Illuminate/Foundation/Console/Kernel.php(120): Illuminate\\Foundation\\Console\\Kernel->bootstrap()
#14 Command line code(1): Illuminate\\Foundation\\Console\\Kernel->handle()
#15 {main}
"} 
[2020-12-19 05:31:33] production.ERROR: Undefined index: SERVER_PORT {"exception":"[object] (ErrorException(code: 0): Undefined index: SERVER_PORT at /var/project/xlink/dsacwn_pos/app/Providers/AppServiceProvider.php:31)
[stacktrace]
#0 /var/project/xlink/dsacwn_pos/app/Providers/AppServiceProvider.php(31): Illuminate\\Foundation\\Bootstrap\\HandleExceptions->handleError()
#1 [internal function]: App\\Providers\\AppServiceProvider->boot()
#2 /var/project/xlink/dsacwn_pos/vendor/laravel/framework/src/Illuminate/Container/BoundMethod.php(29): call_user_func_array()
#3 /var/project/xlink/dsacwn_pos/vendor/laravel/framework/src/Illuminate/Container/BoundMethod.php(87): Illuminate\\Container\\BoundMethod::Illuminate\\Container\\{closure}()
#4 /var/project/xlink/dsacwn_pos/vendor/laravel/framework/src/Illuminate/Container/BoundMethod.php(31): Illuminate\\Container\\BoundMethod::callBoundMethod()
#5 /var/project/xlink/dsacwn_pos/vendor/laravel/framework/src/Illuminate/Container/Container.php(564): Illuminate\\Container\\BoundMethod::call()
#6 /var/project/xlink/dsacwn_pos/vendor/laravel/framework/src/Illuminate/Foundation/Application.php(794): Illuminate\\Container\\Container->call()
#7 /var/project/xlink/dsacwn_pos/vendor/laravel/framework/src/Illuminate/Foundation/Application.php(777): Illuminate\\Foundation\\Application->bootProvider()
#8 [internal function]: Illuminate\\Foundation\\Application->Illuminate\\Foundation\\{closure}()
#9 /var/project/xlink/dsacwn_pos/vendor/laravel/framework/src/Illuminate/Foundation/Application.php(778): array_walk()
#10 /var/project/xlink/dsacwn_pos/vendor/laravel/framework/src/Illuminate/Foundation/Bootstrap/BootProviders.php(17): Illuminate\\Foundation\\Application->boot()
#11 /var/project/xlink/dsacwn_pos/vendor/laravel/framework/src/Illuminate/Foundation/Application.php(206): Illuminate\\Foundation\\Bootstrap\\BootProviders->bootstrap()
#12 /var/project/xlink/dsacwn_pos/vendor/laravel/framework/src/Illuminate/Foundation/Console/Kernel.php(297): Illuminate\\Foundation\\Application->bootstrapWith()
#13 /var/project/xlink/dsacwn_pos/vendor/laravel/framework/src/Illuminate/Foundation/Console/Kernel.php(120): Illuminate\\Foundation\\Console\\Kernel->bootstrap()
#14 Command line code(1): Illuminate\\Foundation\\Console\\Kernel->handle()
#15 {main}
"} 
[2020-12-19 05:31:33] production.ERROR: Undefined index: SERVER_PORT {"exception":"[object] (ErrorException(code: 0): Undefined index: SERVER_PORT at /var/project/xlink/dsacwn_pos/app/Providers/AppServiceProvider.php:31)
[stacktrace]
#0 /var/project/xlink/dsacwn_pos/app/Providers/AppServiceProvider.php(31): Illuminate\\Foundation\\Bootstrap\\HandleExceptions->handleError()
#1 [internal function]: App\\Providers\\AppServiceProvider->boot()
#2 /var/project/xlink/dsacwn_pos/vendor/laravel/framework/src/Illuminate/Container/BoundMethod.php(29): call_user_func_array()
#3 /var/project/xlink/dsacwn_pos/vendor/laravel/framework/src/Illuminate/Container/BoundMethod.php(87): Illuminate\\Container\\BoundMethod::Illuminate\\Container\\{closure}()
#4 /var/project/xlink/dsacwn_pos/vendor/laravel/framework/src/Illuminate/Container/BoundMethod.php(31): Illuminate\\Container\\BoundMethod::callBoundMethod()
#5 /var/project/xlink/dsacwn_pos/vendor/laravel/framework/src/Illuminate/Container/Container.php(564): Illuminate\\Container\\BoundMethod::call()
#6 /var/project/xlink/dsacwn_pos/vendor/laravel/framework/src/Illuminate/Foundation/Application.php(794): Illuminate\\Container\\Container->call()
#7 /var/project/xlink/dsacwn_pos/vendor/laravel/framework/src/Illuminate/Foundation/Application.php(777): Illuminate\\Foundation\\Application->bootProvider()
#8 [internal function]: Illuminate\\Foundation\\Application->Illuminate\\Foundation\\{closure}()
#9 /var/project/xlink/dsacwn_pos/vendor/laravel/framework/src/Illuminate/Foundation/Application.php(778): array_walk()
#10 /var/project/xlink/dsacwn_pos/vendor/laravel/framework/src/Illuminate/Foundation/Bootstrap/BootProviders.php(17): Illuminate\\Foundation\\Application->boot()
#11 /var/project/xlink/dsacwn_pos/vendor/laravel/framework/src/Illuminate/Foundation/Application.php(206): Illuminate\\Foundation\\Bootstrap\\BootProviders->bootstrap()
#12 /var/project/xlink/dsacwn_pos/vendor/laravel/framework/src/Illuminate/Foundation/Console/Kernel.php(297): Illuminate\\Foundation\\Application->bootstrapWith()
#13 /var/project/xlink/dsacwn_pos/vendor/laravel/framework/src/Illuminate/Foundation/Console/Kernel.php(120): Illuminate\\Foundation\\Console\\Kernel->bootstrap()
#14 Command line code(1): Illuminate\\Foundation\\Console\\Kernel->handle()
#15 {main}
"} 
[2020-12-19 05:32:33] production.ERROR: Undefined index: SERVER_PORT {"exception":"[object] (ErrorException(code: 0): Undefined index: SERVER_PORT at /var/project/xlink/dsacwn_pos/app/Providers/AppServiceProvider.php:31)
[stacktrace]
#0 /var/project/xlink/dsacwn_pos/app/Providers/AppServiceProvider.php(31): Illuminate\\Foundation\\Bootstrap\\HandleExceptions->handleError()
#1 [internal function]: App\\Providers\\AppServiceProvider->boot()
#2 /var/project/xlink/dsacwn_pos/vendor/laravel/framework/src/Illuminate/Container/BoundMethod.php(29): call_user_func_array()
#3 /var/project/xlink/dsacwn_pos/vendor/laravel/framework/src/Illuminate/Container/BoundMethod.php(87): Illuminate\\Container\\BoundMethod::Illuminate\\Container\\{closure}()
#4 /var/project/xlink/dsacwn_pos/vendor/laravel/framework/src/Illuminate/Container/BoundMethod.php(31): Illuminate\\Container\\BoundMethod::callBoundMethod()
#5 /var/project/xlink/dsacwn_pos/vendor/laravel/framework/src/Illuminate/Container/Container.php(564): Illuminate\\Container\\BoundMethod::call()
#6 /var/project/xlink/dsacwn_pos/vendor/laravel/framework/src/Illuminate/Foundation/Application.php(794): Illuminate\\Container\\Container->call()
#7 /var/project/xlink/dsacwn_pos/vendor/laravel/framework/src/Illuminate/Foundation/Application.php(777): Illuminate\\Foundation\\Application->bootProvider()
#8 [internal function]: Illuminate\\Foundation\\Application->Illuminate\\Foundation\\{closure}()
#9 /var/project/xlink/dsacwn_pos/vendor/laravel/framework/src/Illuminate/Foundation/Application.php(778): array_walk()
#10 /var/project/xlink/dsacwn_pos/vendor/laravel/framework/src/Illuminate/Foundation/Bootstrap/BootProviders.php(17): Illuminate\\Foundation\\Application->boot()
#11 /var/project/xlink/dsacwn_pos/vendor/laravel/framework/src/Illuminate/Foundation/Application.php(206): Illuminate\\Foundation\\Bootstrap\\BootProviders->bootstrap()
#12 /var/project/xlink/dsacwn_pos/vendor/laravel/framework/src/Illuminate/Foundation/Console/Kernel.php(297): Illuminate\\Foundation\\Application->bootstrapWith()
#13 /var/project/xlink/dsacwn_pos/vendor/laravel/framework/src/Illuminate/Foundation/Console/Kernel.php(120): Illuminate\\Foundation\\Console\\Kernel->bootstrap()
#14 Command line code(1): Illuminate\\Foundation\\Console\\Kernel->handle()
#15 {main}
"} 
[2020-12-19 05:32:33] production.ERROR: Undefined index: SERVER_PORT {"exception":"[object] (ErrorException(code: 0): Undefined index: SERVER_PORT at /var/project/xlink/dsacwn_pos/app/Providers/AppServiceProvider.php:31)
[stacktrace]
#0 /var/project/xlink/dsacwn_pos/app/Providers/AppServiceProvider.php(31): Illuminate\\Foundation\\Bootstrap\\HandleExceptions->handleError()
#1 [internal function]: App\\Providers\\AppServiceProvider->boot()
#2 /var/project/xlink/dsacwn_pos/vendor/laravel/framework/src/Illuminate/Container/BoundMethod.php(29): call_user_func_array()
#3 /var/project/xlink/dsacwn_pos/vendor/laravel/framework/src/Illuminate/Container/BoundMethod.php(87): Illuminate\\Container\\BoundMethod::Illuminate\\Container\\{closure}()
#4 /var/project/xlink/dsacwn_pos/vendor/laravel/framework/src/Illuminate/Container/BoundMethod.php(31): Illuminate\\Container\\BoundMethod::callBoundMethod()
#5 /var/project/xlink/dsacwn_pos/vendor/laravel/framework/src/Illuminate/Container/Container.php(564): Illuminate\\Container\\BoundMethod::call()
#6 /var/project/xlink/dsacwn_pos/vendor/laravel/framework/src/Illuminate/Foundation/Application.php(794): Illuminate\\Container\\Container->call()
#7 /var/project/xlink/dsacwn_pos/vendor/laravel/framework/src/Illuminate/Foundation/Application.php(777): Illuminate\\Foundation\\Application->bootProvider()
#8 [internal function]: Illuminate\\Foundation\\Application->Illuminate\\Foundation\\{closure}()
#9 /var/project/xlink/dsacwn_pos/vendor/laravel/framework/src/Illuminate/Foundation/Application.php(778): array_walk()
#10 /var/project/xlink/dsacwn_pos/vendor/laravel/framework/src/Illuminate/Foundation/Bootstrap/BootProviders.php(17): Illuminate\\Foundation\\Application->boot()
#11 /var/project/xlink/dsacwn_pos/vendor/laravel/framework/src/Illuminate/Foundation/Application.php(206): Illuminate\\Foundation\\Bootstrap\\BootProviders->bootstrap()
#12 /var/project/xlink/dsacwn_pos/vendor/laravel/framework/src/Illuminate/Foundation/Console/Kernel.php(297): Illuminate\\Foundation\\Application->bootstrapWith()
#13 /var/project/xlink/dsacwn_pos/vendor/laravel/framework/src/Illuminate/Foundation/Console/Kernel.php(120): Illuminate\\Foundation\\Console\\Kernel->bootstrap()
#14 Command line code(1): Illuminate\\Foundation\\Console\\Kernel->handle()
#15 {main}
"} 
[2020-12-19 05:33:33] production.ERROR: Undefined index: SERVER_PORT {"exception":"[object] (ErrorException(code: 0): Undefined index: SERVER_PORT at /var/project/xlink/dsacwn_pos/app/Providers/AppServiceProvider.php:31)
[stacktrace]
#0 /var/project/xlink/dsacwn_pos/app/Providers/AppServiceProvider.php(31): Illuminate\\Foundation\\Bootstrap\\HandleExceptions->handleError()
#1 [internal function]: App\\Providers\\AppServiceProvider->boot()
#2 /var/project/xlink/dsacwn_pos/vendor/laravel/framework/src/Illuminate/Container/BoundMethod.php(29): call_user_func_array()
#3 /var/project/xlink/dsacwn_pos/vendor/laravel/framework/src/Illuminate/Container/BoundMethod.php(87): Illuminate\\Container\\BoundMethod::Illuminate\\Container\\{closure}()
#4 /var/project/xlink/dsacwn_pos/vendor/laravel/framework/src/Illuminate/Container/BoundMethod.php(31): Illuminate\\Container\\BoundMethod::callBoundMethod()
#5 /var/project/xlink/dsacwn_pos/vendor/laravel/framework/src/Illuminate/Container/Container.php(564): Illuminate\\Container\\BoundMethod::call()
#6 /var/project/xlink/dsacwn_pos/vendor/laravel/framework/src/Illuminate/Foundation/Application.php(794): Illuminate\\Container\\Container->call()
#7 /var/project/xlink/dsacwn_pos/vendor/laravel/framework/src/Illuminate/Foundation/Application.php(777): Illuminate\\Foundation\\Application->bootProvider()
#8 [internal function]: Illuminate\\Foundation\\Application->Illuminate\\Foundation\\{closure}()
#9 /var/project/xlink/dsacwn_pos/vendor/laravel/framework/src/Illuminate/Foundation/Application.php(778): array_walk()
#10 /var/project/xlink/dsacwn_pos/vendor/laravel/framework/src/Illuminate/Foundation/Bootstrap/BootProviders.php(17): Illuminate\\Foundation\\Application->boot()
#11 /var/project/xlink/dsacwn_pos/vendor/laravel/framework/src/Illuminate/Foundation/Application.php(206): Illuminate\\Foundation\\Bootstrap\\BootProviders->bootstrap()
#12 /var/project/xlink/dsacwn_pos/vendor/laravel/framework/src/Illuminate/Foundation/Console/Kernel.php(297): Illuminate\\Foundation\\Application->bootstrapWith()
#13 /var/project/xlink/dsacwn_pos/vendor/laravel/framework/src/Illuminate/Foundation/Console/Kernel.php(120): Illuminate\\Foundation\\Console\\Kernel->bootstrap()
#14 Command line code(1): Illuminate\\Foundation\\Console\\Kernel->handle()
#15 {main}
"} 
[2020-12-19 05:33:33] production.ERROR: Undefined index: SERVER_PORT {"exception":"[object] (ErrorException(code: 0): Undefined index: SERVER_PORT at /var/project/xlink/dsacwn_pos/app/Providers/AppServiceProvider.php:31)
[stacktrace]
#0 /var/project/xlink/dsacwn_pos/app/Providers/AppServiceProvider.php(31): Illuminate\\Foundation\\Bootstrap\\HandleExceptions->handleError()
#1 [internal function]: App\\Providers\\AppServiceProvider->boot()
#2 /var/project/xlink/dsacwn_pos/vendor/laravel/framework/src/Illuminate/Container/BoundMethod.php(29): call_user_func_array()
#3 /var/project/xlink/dsacwn_pos/vendor/laravel/framework/src/Illuminate/Container/BoundMethod.php(87): Illuminate\\Container\\BoundMethod::Illuminate\\Container\\{closure}()
#4 /var/project/xlink/dsacwn_pos/vendor/laravel/framework/src/Illuminate/Container/BoundMethod.php(31): Illuminate\\Container\\BoundMethod::callBoundMethod()
#5 /var/project/xlink/dsacwn_pos/vendor/laravel/framework/src/Illuminate/Container/Container.php(564): Illuminate\\Container\\BoundMethod::call()
#6 /var/project/xlink/dsacwn_pos/vendor/laravel/framework/src/Illuminate/Foundation/Application.php(794): Illuminate\\Container\\Container->call()
#7 /var/project/xlink/dsacwn_pos/vendor/laravel/framework/src/Illuminate/Foundation/Application.php(777): Illuminate\\Foundation\\Application->bootProvider()
#8 [internal function]: Illuminate\\Foundation\\Application->Illuminate\\Foundation\\{closure}()
#9 /var/project/xlink/dsacwn_pos/vendor/laravel/framework/src/Illuminate/Foundation/Application.php(778): array_walk()
#10 /var/project/xlink/dsacwn_pos/vendor/laravel/framework/src/Illuminate/Foundation/Bootstrap/BootProviders.php(17): Illuminate\\Foundation\\Application->boot()
#11 /var/project/xlink/dsacwn_pos/vendor/laravel/framework/src/Illuminate/Foundation/Application.php(206): Illuminate\\Foundation\\Bootstrap\\BootProviders->bootstrap()
#12 /var/project/xlink/dsacwn_pos/vendor/laravel/framework/src/Illuminate/Foundation/Console/Kernel.php(297): Illuminate\\Foundation\\Application->bootstrapWith()
#13 /var/project/xlink/dsacwn_pos/vendor/laravel/framework/src/Illuminate/Foundation/Console/Kernel.php(120): Illuminate\\Foundation\\Console\\Kernel->bootstrap()
#14 Command line code(1): Illuminate\\Foundation\\Console\\Kernel->handle()
#15 {main}
"} 
[2020-12-19 05:34:33] production.ERROR: Undefined index: SERVER_PORT {"exception":"[object] (ErrorException(code: 0): Undefined index: SERVER_PORT at /var/project/xlink/dsacwn_pos/app/Providers/AppServiceProvider.php:31)
[stacktrace]
#0 /var/project/xlink/dsacwn_pos/app/Providers/AppServiceProvider.php(31): Illuminate\\Foundation\\Bootstrap\\HandleExceptions->handleError()
#1 [internal function]: App\\Providers\\AppServiceProvider->boot()
#2 /var/project/xlink/dsacwn_pos/vendor/laravel/framework/src/Illuminate/Container/BoundMethod.php(29): call_user_func_array()
#3 /var/project/xlink/dsacwn_pos/vendor/laravel/framework/src/Illuminate/Container/BoundMethod.php(87): Illuminate\\Container\\BoundMethod::Illuminate\\Container\\{closure}()
#4 /var/project/xlink/dsacwn_pos/vendor/laravel/framework/src/Illuminate/Container/BoundMethod.php(31): Illuminate\\Container\\BoundMethod::callBoundMethod()
#5 /var/project/xlink/dsacwn_pos/vendor/laravel/framework/src/Illuminate/Container/Container.php(564): Illuminate\\Container\\BoundMethod::call()
#6 /var/project/xlink/dsacwn_pos/vendor/laravel/framework/src/Illuminate/Foundation/Application.php(794): Illuminate\\Container\\Container->call()
#7 /var/project/xlink/dsacwn_pos/vendor/laravel/framework/src/Illuminate/Foundation/Application.php(777): Illuminate\\Foundation\\Application->bootProvider()
#8 [internal function]: Illuminate\\Foundation\\Application->Illuminate\\Foundation\\{closure}()
#9 /var/project/xlink/dsacwn_pos/vendor/laravel/framework/src/Illuminate/Foundation/Application.php(778): array_walk()
#10 /var/project/xlink/dsacwn_pos/vendor/laravel/framework/src/Illuminate/Foundation/Bootstrap/BootProviders.php(17): Illuminate\\Foundation\\Application->boot()
#11 /var/project/xlink/dsacwn_pos/vendor/laravel/framework/src/Illuminate/Foundation/Application.php(206): Illuminate\\Foundation\\Bootstrap\\BootProviders->bootstrap()
#12 /var/project/xlink/dsacwn_pos/vendor/laravel/framework/src/Illuminate/Foundation/Console/Kernel.php(297): Illuminate\\Foundation\\Application->bootstrapWith()
#13 /var/project/xlink/dsacwn_pos/vendor/laravel/framework/src/Illuminate/Foundation/Console/Kernel.php(120): Illuminate\\Foundation\\Console\\Kernel->bootstrap()
#14 Command line code(1): Illuminate\\Foundation\\Console\\Kernel->handle()
#15 {main}
"} 
[2020-12-19 05:34:33] production.ERROR: Undefined index: SERVER_PORT {"exception":"[object] (ErrorException(code: 0): Undefined index: SERVER_PORT at /var/project/xlink/dsacwn_pos/app/Providers/AppServiceProvider.php:31)
[stacktrace]
#0 /var/project/xlink/dsacwn_pos/app/Providers/AppServiceProvider.php(31): Illuminate\\Foundation\\Bootstrap\\HandleExceptions->handleError()
#1 [internal function]: App\\Providers\\AppServiceProvider->boot()
#2 /var/project/xlink/dsacwn_pos/vendor/laravel/framework/src/Illuminate/Container/BoundMethod.php(29): call_user_func_array()
#3 /var/project/xlink/dsacwn_pos/vendor/laravel/framework/src/Illuminate/Container/BoundMethod.php(87): Illuminate\\Container\\BoundMethod::Illuminate\\Container\\{closure}()
#4 /var/project/xlink/dsacwn_pos/vendor/laravel/framework/src/Illuminate/Container/BoundMethod.php(31): Illuminate\\Container\\BoundMethod::callBoundMethod()
#5 /var/project/xlink/dsacwn_pos/vendor/laravel/framework/src/Illuminate/Container/Container.php(564): Illuminate\\Container\\BoundMethod::call()
#6 /var/project/xlink/dsacwn_pos/vendor/laravel/framework/src/Illuminate/Foundation/Application.php(794): Illuminate\\Container\\Container->call()
#7 /var/project/xlink/dsacwn_pos/vendor/laravel/framework/src/Illuminate/Foundation/Application.php(777): Illuminate\\Foundation\\Application->bootProvider()
#8 [internal function]: Illuminate\\Foundation\\Application->Illuminate\\Foundation\\{closure}()
#9 /var/project/xlink/dsacwn_pos/vendor/laravel/framework/src/Illuminate/Foundation/Application.php(778): array_walk()
#10 /var/project/xlink/dsacwn_pos/vendor/laravel/framework/src/Illuminate/Foundation/Bootstrap/BootProviders.php(17): Illuminate\\Foundation\\Application->boot()
#11 /var/project/xlink/dsacwn_pos/vendor/laravel/framework/src/Illuminate/Foundation/Application.php(206): Illuminate\\Foundation\\Bootstrap\\BootProviders->bootstrap()
#12 /var/project/xlink/dsacwn_pos/vendor/laravel/framework/src/Illuminate/Foundation/Console/Kernel.php(297): Illuminate\\Foundation\\Application->bootstrapWith()
#13 /var/project/xlink/dsacwn_pos/vendor/laravel/framework/src/Illuminate/Foundation/Console/Kernel.php(120): Illuminate\\Foundation\\Console\\Kernel->bootstrap()
#14 Command line code(1): Illuminate\\Foundation\\Console\\Kernel->handle()
#15 {main}
"} 
[2020-12-19 05:35:33] production.ERROR: Undefined index: SERVER_PORT {"exception":"[object] (ErrorException(code: 0): Undefined index: SERVER_PORT at /var/project/xlink/dsacwn_pos/app/Providers/AppServiceProvider.php:31)
[stacktrace]
#0 /var/project/xlink/dsacwn_pos/app/Providers/AppServiceProvider.php(31): Illuminate\\Foundation\\Bootstrap\\HandleExceptions->handleError()
#1 [internal function]: App\\Providers\\AppServiceProvider->boot()
#2 /var/project/xlink/dsacwn_pos/vendor/laravel/framework/src/Illuminate/Container/BoundMethod.php(29): call_user_func_array()
#3 /var/project/xlink/dsacwn_pos/vendor/laravel/framework/src/Illuminate/Container/BoundMethod.php(87): Illuminate\\Container\\BoundMethod::Illuminate\\Container\\{closure}()
#4 /var/project/xlink/dsacwn_pos/vendor/laravel/framework/src/Illuminate/Container/BoundMethod.php(31): Illuminate\\Container\\BoundMethod::callBoundMethod()
#5 /var/project/xlink/dsacwn_pos/vendor/laravel/framework/src/Illuminate/Container/Container.php(564): Illuminate\\Container\\BoundMethod::call()
#6 /var/project/xlink/dsacwn_pos/vendor/laravel/framework/src/Illuminate/Foundation/Application.php(794): Illuminate\\Container\\Container->call()
#7 /var/project/xlink/dsacwn_pos/vendor/laravel/framework/src/Illuminate/Foundation/Application.php(777): Illuminate\\Foundation\\Application->bootProvider()
#8 [internal function]: Illuminate\\Foundation\\Application->Illuminate\\Foundation\\{closure}()
#9 /var/project/xlink/dsacwn_pos/vendor/laravel/framework/src/Illuminate/Foundation/Application.php(778): array_walk()
#10 /var/project/xlink/dsacwn_pos/vendor/laravel/framework/src/Illuminate/Foundation/Bootstrap/BootProviders.php(17): Illuminate\\Foundation\\Application->boot()
#11 /var/project/xlink/dsacwn_pos/vendor/laravel/framework/src/Illuminate/Foundation/Application.php(206): Illuminate\\Foundation\\Bootstrap\\BootProviders->bootstrap()
#12 /var/project/xlink/dsacwn_pos/vendor/laravel/framework/src/Illuminate/Foundation/Console/Kernel.php(297): Illuminate\\Foundation\\Application->bootstrapWith()
#13 /var/project/xlink/dsacwn_pos/vendor/laravel/framework/src/Illuminate/Foundation/Console/Kernel.php(120): Illuminate\\Foundation\\Console\\Kernel->bootstrap()
#14 Command line code(1): Illuminate\\Foundation\\Console\\Kernel->handle()
#15 {main}
"} 
[2020-12-19 05:35:33] production.ERROR: Undefined index: SERVER_PORT {"exception":"[object] (ErrorException(code: 0): Undefined index: SERVER_PORT at /var/project/xlink/dsacwn_pos/app/Providers/AppServiceProvider.php:31)
[stacktrace]
#0 /var/project/xlink/dsacwn_pos/app/Providers/AppServiceProvider.php(31): Illuminate\\Foundation\\Bootstrap\\HandleExceptions->handleError()
#1 [internal function]: App\\Providers\\AppServiceProvider->boot()
#2 /var/project/xlink/dsacwn_pos/vendor/laravel/framework/src/Illuminate/Container/BoundMethod.php(29): call_user_func_array()
#3 /var/project/xlink/dsacwn_pos/vendor/laravel/framework/src/Illuminate/Container/BoundMethod.php(87): Illuminate\\Container\\BoundMethod::Illuminate\\Container\\{closure}()
#4 /var/project/xlink/dsacwn_pos/vendor/laravel/framework/src/Illuminate/Container/BoundMethod.php(31): Illuminate\\Container\\BoundMethod::callBoundMethod()
#5 /var/project/xlink/dsacwn_pos/vendor/laravel/framework/src/Illuminate/Container/Container.php(564): Illuminate\\Container\\BoundMethod::call()
#6 /var/project/xlink/dsacwn_pos/vendor/laravel/framework/src/Illuminate/Foundation/Application.php(794): Illuminate\\Container\\Container->call()
#7 /var/project/xlink/dsacwn_pos/vendor/laravel/framework/src/Illuminate/Foundation/Application.php(777): Illuminate\\Foundation\\Application->bootProvider()
#8 [internal function]: Illuminate\\Foundation\\Application->Illuminate\\Foundation\\{closure}()
#9 /var/project/xlink/dsacwn_pos/vendor/laravel/framework/src/Illuminate/Foundation/Application.php(778): array_walk()
#10 /var/project/xlink/dsacwn_pos/vendor/laravel/framework/src/Illuminate/Foundation/Bootstrap/BootProviders.php(17): Illuminate\\Foundation\\Application->boot()
#11 /var/project/xlink/dsacwn_pos/vendor/laravel/framework/src/Illuminate/Foundation/Application.php(206): Illuminate\\Foundation\\Bootstrap\\BootProviders->bootstrap()
#12 /var/project/xlink/dsacwn_pos/vendor/laravel/framework/src/Illuminate/Foundation/Console/Kernel.php(297): Illuminate\\Foundation\\Application->bootstrapWith()
#13 /var/project/xlink/dsacwn_pos/vendor/laravel/framework/src/Illuminate/Foundation/Console/Kernel.php(120): Illuminate\\Foundation\\Console\\Kernel->bootstrap()
#14 Command line code(1): Illuminate\\Foundation\\Console\\Kernel->handle()
#15 {main}
"} 
[2020-12-19 05:36:33] production.ERROR: Undefined index: SERVER_PORT {"exception":"[object] (ErrorException(code: 0): Undefined index: SERVER_PORT at /var/project/xlink/dsacwn_pos/app/Providers/AppServiceProvider.php:31)
[stacktrace]
#0 /var/project/xlink/dsacwn_pos/app/Providers/AppServiceProvider.php(31): Illuminate\\Foundation\\Bootstrap\\HandleExceptions->handleError()
#1 [internal function]: App\\Providers\\AppServiceProvider->boot()
#2 /var/project/xlink/dsacwn_pos/vendor/laravel/framework/src/Illuminate/Container/BoundMethod.php(29): call_user_func_array()
#3 /var/project/xlink/dsacwn_pos/vendor/laravel/framework/src/Illuminate/Container/BoundMethod.php(87): Illuminate\\Container\\BoundMethod::Illuminate\\Container\\{closure}()
#4 /var/project/xlink/dsacwn_pos/vendor/laravel/framework/src/Illuminate/Container/BoundMethod.php(31): Illuminate\\Container\\BoundMethod::callBoundMethod()
#5 /var/project/xlink/dsacwn_pos/vendor/laravel/framework/src/Illuminate/Container/Container.php(564): Illuminate\\Container\\BoundMethod::call()
#6 /var/project/xlink/dsacwn_pos/vendor/laravel/framework/src/Illuminate/Foundation/Application.php(794): Illuminate\\Container\\Container->call()
#7 /var/project/xlink/dsacwn_pos/vendor/laravel/framework/src/Illuminate/Foundation/Application.php(777): Illuminate\\Foundation\\Application->bootProvider()
#8 [internal function]: Illuminate\\Foundation\\Application->Illuminate\\Foundation\\{closure}()
#9 /var/project/xlink/dsacwn_pos/vendor/laravel/framework/src/Illuminate/Foundation/Application.php(778): array_walk()
#10 /var/project/xlink/dsacwn_pos/vendor/laravel/framework/src/Illuminate/Foundation/Bootstrap/BootProviders.php(17): Illuminate\\Foundation\\Application->boot()
#11 /var/project/xlink/dsacwn_pos/vendor/laravel/framework/src/Illuminate/Foundation/Application.php(206): Illuminate\\Foundation\\Bootstrap\\BootProviders->bootstrap()
#12 /var/project/xlink/dsacwn_pos/vendor/laravel/framework/src/Illuminate/Foundation/Console/Kernel.php(297): Illuminate\\Foundation\\Application->bootstrapWith()
#13 /var/project/xlink/dsacwn_pos/vendor/laravel/framework/src/Illuminate/Foundation/Console/Kernel.php(120): Illuminate\\Foundation\\Console\\Kernel->bootstrap()
#14 Command line code(1): Illuminate\\Foundation\\Console\\Kernel->handle()
#15 {main}
"} 
[2020-12-19 05:36:33] production.ERROR: Undefined index: SERVER_PORT {"exception":"[object] (ErrorException(code: 0): Undefined index: SERVER_PORT at /var/project/xlink/dsacwn_pos/app/Providers/AppServiceProvider.php:31)
[stacktrace]
#0 /var/project/xlink/dsacwn_pos/app/Providers/AppServiceProvider.php(31): Illuminate\\Foundation\\Bootstrap\\HandleExceptions->handleError()
#1 [internal function]: App\\Providers\\AppServiceProvider->boot()
#2 /var/project/xlink/dsacwn_pos/vendor/laravel/framework/src/Illuminate/Container/BoundMethod.php(29): call_user_func_array()
#3 /var/project/xlink/dsacwn_pos/vendor/laravel/framework/src/Illuminate/Container/BoundMethod.php(87): Illuminate\\Container\\BoundMethod::Illuminate\\Container\\{closure}()
#4 /var/project/xlink/dsacwn_pos/vendor/laravel/framework/src/Illuminate/Container/BoundMethod.php(31): Illuminate\\Container\\BoundMethod::callBoundMethod()
#5 /var/project/xlink/dsacwn_pos/vendor/laravel/framework/src/Illuminate/Container/Container.php(564): Illuminate\\Container\\BoundMethod::call()
#6 /var/project/xlink/dsacwn_pos/vendor/laravel/framework/src/Illuminate/Foundation/Application.php(794): Illuminate\\Container\\Container->call()
#7 /var/project/xlink/dsacwn_pos/vendor/laravel/framework/src/Illuminate/Foundation/Application.php(777): Illuminate\\Foundation\\Application->bootProvider()
#8 [internal function]: Illuminate\\Foundation\\Application->Illuminate\\Foundation\\{closure}()
#9 /var/project/xlink/dsacwn_pos/vendor/laravel/framework/src/Illuminate/Foundation/Application.php(778): array_walk()
#10 /var/project/xlink/dsacwn_pos/vendor/laravel/framework/src/Illuminate/Foundation/Bootstrap/BootProviders.php(17): Illuminate\\Foundation\\Application->boot()
#11 /var/project/xlink/dsacwn_pos/vendor/laravel/framework/src/Illuminate/Foundation/Application.php(206): Illuminate\\Foundation\\Bootstrap\\BootProviders->bootstrap()
#12 /var/project/xlink/dsacwn_pos/vendor/laravel/framework/src/Illuminate/Foundation/Console/Kernel.php(297): Illuminate\\Foundation\\Application->bootstrapWith()
#13 /var/project/xlink/dsacwn_pos/vendor/laravel/framework/src/Illuminate/Foundation/Console/Kernel.php(120): Illuminate\\Foundation\\Console\\Kernel->bootstrap()
#14 Command line code(1): Illuminate\\Foundation\\Console\\Kernel->handle()
#15 {main}
"} 
[2020-12-19 05:37:33] production.ERROR: Undefined index: SERVER_PORT {"exception":"[object] (ErrorException(code: 0): Undefined index: SERVER_PORT at /var/project/xlink/dsacwn_pos/app/Providers/AppServiceProvider.php:31)
[stacktrace]
#0 /var/project/xlink/dsacwn_pos/app/Providers/AppServiceProvider.php(31): Illuminate\\Foundation\\Bootstrap\\HandleExceptions->handleError()
#1 [internal function]: App\\Providers\\AppServiceProvider->boot()
#2 /var/project/xlink/dsacwn_pos/vendor/laravel/framework/src/Illuminate/Container/BoundMethod.php(29): call_user_func_array()
#3 /var/project/xlink/dsacwn_pos/vendor/laravel/framework/src/Illuminate/Container/BoundMethod.php(87): Illuminate\\Container\\BoundMethod::Illuminate\\Container\\{closure}()
#4 /var/project/xlink/dsacwn_pos/vendor/laravel/framework/src/Illuminate/Container/BoundMethod.php(31): Illuminate\\Container\\BoundMethod::callBoundMethod()
#5 /var/project/xlink/dsacwn_pos/vendor/laravel/framework/src/Illuminate/Container/Container.php(564): Illuminate\\Container\\BoundMethod::call()
#6 /var/project/xlink/dsacwn_pos/vendor/laravel/framework/src/Illuminate/Foundation/Application.php(794): Illuminate\\Container\\Container->call()
#7 /var/project/xlink/dsacwn_pos/vendor/laravel/framework/src/Illuminate/Foundation/Application.php(777): Illuminate\\Foundation\\Application->bootProvider()
#8 [internal function]: Illuminate\\Foundation\\Application->Illuminate\\Foundation\\{closure}()
#9 /var/project/xlink/dsacwn_pos/vendor/laravel/framework/src/Illuminate/Foundation/Application.php(778): array_walk()
#10 /var/project/xlink/dsacwn_pos/vendor/laravel/framework/src/Illuminate/Foundation/Bootstrap/BootProviders.php(17): Illuminate\\Foundation\\Application->boot()
#11 /var/project/xlink/dsacwn_pos/vendor/laravel/framework/src/Illuminate/Foundation/Application.php(206): Illuminate\\Foundation\\Bootstrap\\BootProviders->bootstrap()
#12 /var/project/xlink/dsacwn_pos/vendor/laravel/framework/src/Illuminate/Foundation/Console/Kernel.php(297): Illuminate\\Foundation\\Application->bootstrapWith()
#13 /var/project/xlink/dsacwn_pos/vendor/laravel/framework/src/Illuminate/Foundation/Console/Kernel.php(120): Illuminate\\Foundation\\Console\\Kernel->bootstrap()
#14 Command line code(1): Illuminate\\Foundation\\Console\\Kernel->handle()
#15 {main}
"} 
[2020-12-19 05:37:33] production.ERROR: Undefined index: SERVER_PORT {"exception":"[object] (ErrorException(code: 0): Undefined index: SERVER_PORT at /var/project/xlink/dsacwn_pos/app/Providers/AppServiceProvider.php:31)
[stacktrace]
#0 /var/project/xlink/dsacwn_pos/app/Providers/AppServiceProvider.php(31): Illuminate\\Foundation\\Bootstrap\\HandleExceptions->handleError()
#1 [internal function]: App\\Providers\\AppServiceProvider->boot()
#2 /var/project/xlink/dsacwn_pos/vendor/laravel/framework/src/Illuminate/Container/BoundMethod.php(29): call_user_func_array()
#3 /var/project/xlink/dsacwn_pos/vendor/laravel/framework/src/Illuminate/Container/BoundMethod.php(87): Illuminate\\Container\\BoundMethod::Illuminate\\Container\\{closure}()
#4 /var/project/xlink/dsacwn_pos/vendor/laravel/framework/src/Illuminate/Container/BoundMethod.php(31): Illuminate\\Container\\BoundMethod::callBoundMethod()
#5 /var/project/xlink/dsacwn_pos/vendor/laravel/framework/src/Illuminate/Container/Container.php(564): Illuminate\\Container\\BoundMethod::call()
#6 /var/project/xlink/dsacwn_pos/vendor/laravel/framework/src/Illuminate/Foundation/Application.php(794): Illuminate\\Container\\Container->call()
#7 /var/project/xlink/dsacwn_pos/vendor/laravel/framework/src/Illuminate/Foundation/Application.php(777): Illuminate\\Foundation\\Application->bootProvider()
#8 [internal function]: Illuminate\\Foundation\\Application->Illuminate\\Foundation\\{closure}()
#9 /var/project/xlink/dsacwn_pos/vendor/laravel/framework/src/Illuminate/Foundation/Application.php(778): array_walk()
#10 /var/project/xlink/dsacwn_pos/vendor/laravel/framework/src/Illuminate/Foundation/Bootstrap/BootProviders.php(17): Illuminate\\Foundation\\Application->boot()
#11 /var/project/xlink/dsacwn_pos/vendor/laravel/framework/src/Illuminate/Foundation/Application.php(206): Illuminate\\Foundation\\Bootstrap\\BootProviders->bootstrap()
#12 /var/project/xlink/dsacwn_pos/vendor/laravel/framework/src/Illuminate/Foundation/Console/Kernel.php(297): Illuminate\\Foundation\\Application->bootstrapWith()
#13 /var/project/xlink/dsacwn_pos/vendor/laravel/framework/src/Illuminate/Foundation/Console/Kernel.php(120): Illuminate\\Foundation\\Console\\Kernel->bootstrap()
#14 Command line code(1): Illuminate\\Foundation\\Console\\Kernel->handle()
#15 {main}
"} 
[2020-12-19 05:38:33] production.ERROR: Undefined index: SERVER_PORT {"exception":"[object] (ErrorException(code: 0): Undefined index: SERVER_PORT at /var/project/xlink/dsacwn_pos/app/Providers/AppServiceProvider.php:31)
[stacktrace]
#0 /var/project/xlink/dsacwn_pos/app/Providers/AppServiceProvider.php(31): Illuminate\\Foundation\\Bootstrap\\HandleExceptions->handleError()
#1 [internal function]: App\\Providers\\AppServiceProvider->boot()
#2 /var/project/xlink/dsacwn_pos/vendor/laravel/framework/src/Illuminate/Container/BoundMethod.php(29): call_user_func_array()
#3 /var/project/xlink/dsacwn_pos/vendor/laravel/framework/src/Illuminate/Container/BoundMethod.php(87): Illuminate\\Container\\BoundMethod::Illuminate\\Container\\{closure}()
#4 /var/project/xlink/dsacwn_pos/vendor/laravel/framework/src/Illuminate/Container/BoundMethod.php(31): Illuminate\\Container\\BoundMethod::callBoundMethod()
#5 /var/project/xlink/dsacwn_pos/vendor/laravel/framework/src/Illuminate/Container/Container.php(564): Illuminate\\Container\\BoundMethod::call()
#6 /var/project/xlink/dsacwn_pos/vendor/laravel/framework/src/Illuminate/Foundation/Application.php(794): Illuminate\\Container\\Container->call()
#7 /var/project/xlink/dsacwn_pos/vendor/laravel/framework/src/Illuminate/Foundation/Application.php(777): Illuminate\\Foundation\\Application->bootProvider()
#8 [internal function]: Illuminate\\Foundation\\Application->Illuminate\\Foundation\\{closure}()
#9 /var/project/xlink/dsacwn_pos/vendor/laravel/framework/src/Illuminate/Foundation/Application.php(778): array_walk()
#10 /var/project/xlink/dsacwn_pos/vendor/laravel/framework/src/Illuminate/Foundation/Bootstrap/BootProviders.php(17): Illuminate\\Foundation\\Application->boot()
#11 /var/project/xlink/dsacwn_pos/vendor/laravel/framework/src/Illuminate/Foundation/Application.php(206): Illuminate\\Foundation\\Bootstrap\\BootProviders->bootstrap()
#12 /var/project/xlink/dsacwn_pos/vendor/laravel/framework/src/Illuminate/Foundation/Console/Kernel.php(297): Illuminate\\Foundation\\Application->bootstrapWith()
#13 /var/project/xlink/dsacwn_pos/vendor/laravel/framework/src/Illuminate/Foundation/Console/Kernel.php(120): Illuminate\\Foundation\\Console\\Kernel->bootstrap()
#14 Command line code(1): Illuminate\\Foundation\\Console\\Kernel->handle()
#15 {main}
"} 
[2020-12-19 05:38:33] production.ERROR: Undefined index: SERVER_PORT {"exception":"[object] (ErrorException(code: 0): Undefined index: SERVER_PORT at /var/project/xlink/dsacwn_pos/app/Providers/AppServiceProvider.php:31)
[stacktrace]
#0 /var/project/xlink/dsacwn_pos/app/Providers/AppServiceProvider.php(31): Illuminate\\Foundation\\Bootstrap\\HandleExceptions->handleError()
#1 [internal function]: App\\Providers\\AppServiceProvider->boot()
#2 /var/project/xlink/dsacwn_pos/vendor/laravel/framework/src/Illuminate/Container/BoundMethod.php(29): call_user_func_array()
#3 /var/project/xlink/dsacwn_pos/vendor/laravel/framework/src/Illuminate/Container/BoundMethod.php(87): Illuminate\\Container\\BoundMethod::Illuminate\\Container\\{closure}()
#4 /var/project/xlink/dsacwn_pos/vendor/laravel/framework/src/Illuminate/Container/BoundMethod.php(31): Illuminate\\Container\\BoundMethod::callBoundMethod()
#5 /var/project/xlink/dsacwn_pos/vendor/laravel/framework/src/Illuminate/Container/Container.php(564): Illuminate\\Container\\BoundMethod::call()
#6 /var/project/xlink/dsacwn_pos/vendor/laravel/framework/src/Illuminate/Foundation/Application.php(794): Illuminate\\Container\\Container->call()
#7 /var/project/xlink/dsacwn_pos/vendor/laravel/framework/src/Illuminate/Foundation/Application.php(777): Illuminate\\Foundation\\Application->bootProvider()
#8 [internal function]: Illuminate\\Foundation\\Application->Illuminate\\Foundation\\{closure}()
#9 /var/project/xlink/dsacwn_pos/vendor/laravel/framework/src/Illuminate/Foundation/Application.php(778): array_walk()
#10 /var/project/xlink/dsacwn_pos/vendor/laravel/framework/src/Illuminate/Foundation/Bootstrap/BootProviders.php(17): Illuminate\\Foundation\\Application->boot()
#11 /var/project/xlink/dsacwn_pos/vendor/laravel/framework/src/Illuminate/Foundation/Application.php(206): Illuminate\\Foundation\\Bootstrap\\BootProviders->bootstrap()
#12 /var/project/xlink/dsacwn_pos/vendor/laravel/framework/src/Illuminate/Foundation/Console/Kernel.php(297): Illuminate\\Foundation\\Application->bootstrapWith()
#13 /var/project/xlink/dsacwn_pos/vendor/laravel/framework/src/Illuminate/Foundation/Console/Kernel.php(120): Illuminate\\Foundation\\Console\\Kernel->bootstrap()
#14 Command line code(1): Illuminate\\Foundation\\Console\\Kernel->handle()
#15 {main}
"} 
[2020-12-19 05:39:25] production.ERROR: Undefined index: SERVER_PORT {"exception":"[object] (ErrorException(code: 0): Undefined index: SERVER_PORT at /var/project/xlink/dsacwn_pos/app/Providers/AppServiceProvider.php:31)
[stacktrace]
#0 /var/project/xlink/dsacwn_pos/app/Providers/AppServiceProvider.php(31): Illuminate\\Foundation\\Bootstrap\\HandleExceptions->handleError()
#1 [internal function]: App\\Providers\\AppServiceProvider->boot()
#2 /var/project/xlink/dsacwn_pos/vendor/laravel/framework/src/Illuminate/Container/BoundMethod.php(29): call_user_func_array()
#3 /var/project/xlink/dsacwn_pos/vendor/laravel/framework/src/Illuminate/Container/BoundMethod.php(87): Illuminate\\Container\\BoundMethod::Illuminate\\Container\\{closure}()
#4 /var/project/xlink/dsacwn_pos/vendor/laravel/framework/src/Illuminate/Container/BoundMethod.php(31): Illuminate\\Container\\BoundMethod::callBoundMethod()
#5 /var/project/xlink/dsacwn_pos/vendor/laravel/framework/src/Illuminate/Container/Container.php(564): Illuminate\\Container\\BoundMethod::call()
#6 /var/project/xlink/dsacwn_pos/vendor/laravel/framework/src/Illuminate/Foundation/Application.php(794): Illuminate\\Container\\Container->call()
#7 /var/project/xlink/dsacwn_pos/vendor/laravel/framework/src/Illuminate/Foundation/Application.php(777): Illuminate\\Foundation\\Application->bootProvider()
#8 [internal function]: Illuminate\\Foundation\\Application->Illuminate\\Foundation\\{closure}()
#9 /var/project/xlink/dsacwn_pos/vendor/laravel/framework/src/Illuminate/Foundation/Application.php(778): array_walk()
#10 /var/project/xlink/dsacwn_pos/vendor/laravel/framework/src/Illuminate/Foundation/Bootstrap/BootProviders.php(17): Illuminate\\Foundation\\Application->boot()
#11 /var/project/xlink/dsacwn_pos/vendor/laravel/framework/src/Illuminate/Foundation/Application.php(206): Illuminate\\Foundation\\Bootstrap\\BootProviders->bootstrap()
#12 /var/project/xlink/dsacwn_pos/vendor/laravel/framework/src/Illuminate/Foundation/Console/Kernel.php(297): Illuminate\\Foundation\\Application->bootstrapWith()
#13 /var/project/xlink/dsacwn_pos/vendor/laravel/framework/src/Illuminate/Foundation/Console/Kernel.php(120): Illuminate\\Foundation\\Console\\Kernel->bootstrap()
#14 Command line code(1): Illuminate\\Foundation\\Console\\Kernel->handle()
#15 {main}
"} 
[2020-12-19 05:39:33] production.ERROR: Undefined index: SERVER_PORT {"exception":"[object] (ErrorException(code: 0): Undefined index: SERVER_PORT at /var/project/xlink/dsacwn_pos/app/Providers/AppServiceProvider.php:31)
[stacktrace]
#0 /var/project/xlink/dsacwn_pos/app/Providers/AppServiceProvider.php(31): Illuminate\\Foundation\\Bootstrap\\HandleExceptions->handleError()
#1 [internal function]: App\\Providers\\AppServiceProvider->boot()
#2 /var/project/xlink/dsacwn_pos/vendor/laravel/framework/src/Illuminate/Container/BoundMethod.php(29): call_user_func_array()
#3 /var/project/xlink/dsacwn_pos/vendor/laravel/framework/src/Illuminate/Container/BoundMethod.php(87): Illuminate\\Container\\BoundMethod::Illuminate\\Container\\{closure}()
#4 /var/project/xlink/dsacwn_pos/vendor/laravel/framework/src/Illuminate/Container/BoundMethod.php(31): Illuminate\\Container\\BoundMethod::callBoundMethod()
#5 /var/project/xlink/dsacwn_pos/vendor/laravel/framework/src/Illuminate/Container/Container.php(564): Illuminate\\Container\\BoundMethod::call()
#6 /var/project/xlink/dsacwn_pos/vendor/laravel/framework/src/Illuminate/Foundation/Application.php(794): Illuminate\\Container\\Container->call()
#7 /var/project/xlink/dsacwn_pos/vendor/laravel/framework/src/Illuminate/Foundation/Application.php(777): Illuminate\\Foundation\\Application->bootProvider()
#8 [internal function]: Illuminate\\Foundation\\Application->Illuminate\\Foundation\\{closure}()
#9 /var/project/xlink/dsacwn_pos/vendor/laravel/framework/src/Illuminate/Foundation/Application.php(778): array_walk()
#10 /var/project/xlink/dsacwn_pos/vendor/laravel/framework/src/Illuminate/Foundation/Bootstrap/BootProviders.php(17): Illuminate\\Foundation\\Application->boot()
#11 /var/project/xlink/dsacwn_pos/vendor/laravel/framework/src/Illuminate/Foundation/Application.php(206): Illuminate\\Foundation\\Bootstrap\\BootProviders->bootstrap()
#12 /var/project/xlink/dsacwn_pos/vendor/laravel/framework/src/Illuminate/Foundation/Console/Kernel.php(297): Illuminate\\Foundation\\Application->bootstrapWith()
#13 /var/project/xlink/dsacwn_pos/vendor/laravel/framework/src/Illuminate/Foundation/Console/Kernel.php(120): Illuminate\\Foundation\\Console\\Kernel->bootstrap()
#14 Command line code(1): Illuminate\\Foundation\\Console\\Kernel->handle()
#15 {main}
"} 
[2020-12-19 05:39:33] production.ERROR: Undefined index: SERVER_PORT {"exception":"[object] (ErrorException(code: 0): Undefined index: SERVER_PORT at /var/project/xlink/dsacwn_pos/app/Providers/AppServiceProvider.php:31)
[stacktrace]
#0 /var/project/xlink/dsacwn_pos/app/Providers/AppServiceProvider.php(31): Illuminate\\Foundation\\Bootstrap\\HandleExceptions->handleError()
#1 [internal function]: App\\Providers\\AppServiceProvider->boot()
#2 /var/project/xlink/dsacwn_pos/vendor/laravel/framework/src/Illuminate/Container/BoundMethod.php(29): call_user_func_array()
#3 /var/project/xlink/dsacwn_pos/vendor/laravel/framework/src/Illuminate/Container/BoundMethod.php(87): Illuminate\\Container\\BoundMethod::Illuminate\\Container\\{closure}()
#4 /var/project/xlink/dsacwn_pos/vendor/laravel/framework/src/Illuminate/Container/BoundMethod.php(31): Illuminate\\Container\\BoundMethod::callBoundMethod()
#5 /var/project/xlink/dsacwn_pos/vendor/laravel/framework/src/Illuminate/Container/Container.php(564): Illuminate\\Container\\BoundMethod::call()
#6 /var/project/xlink/dsacwn_pos/vendor/laravel/framework/src/Illuminate/Foundation/Application.php(794): Illuminate\\Container\\Container->call()
#7 /var/project/xlink/dsacwn_pos/vendor/laravel/framework/src/Illuminate/Foundation/Application.php(777): Illuminate\\Foundation\\Application->bootProvider()
#8 [internal function]: Illuminate\\Foundation\\Application->Illuminate\\Foundation\\{closure}()
#9 /var/project/xlink/dsacwn_pos/vendor/laravel/framework/src/Illuminate/Foundation/Application.php(778): array_walk()
#10 /var/project/xlink/dsacwn_pos/vendor/laravel/framework/src/Illuminate/Foundation/Bootstrap/BootProviders.php(17): Illuminate\\Foundation\\Application->boot()
#11 /var/project/xlink/dsacwn_pos/vendor/laravel/framework/src/Illuminate/Foundation/Application.php(206): Illuminate\\Foundation\\Bootstrap\\BootProviders->bootstrap()
#12 /var/project/xlink/dsacwn_pos/vendor/laravel/framework/src/Illuminate/Foundation/Console/Kernel.php(297): Illuminate\\Foundation\\Application->bootstrapWith()
#13 /var/project/xlink/dsacwn_pos/vendor/laravel/framework/src/Illuminate/Foundation/Console/Kernel.php(120): Illuminate\\Foundation\\Console\\Kernel->bootstrap()
#14 Command line code(1): Illuminate\\Foundation\\Console\\Kernel->handle()
#15 {main}
"} 
[2020-12-19 05:40:33] production.ERROR: Undefined index: SERVER_PORT {"exception":"[object] (ErrorException(code: 0): Undefined index: SERVER_PORT at /var/project/xlink/dsacwn_pos/app/Providers/AppServiceProvider.php:31)
[stacktrace]
#0 /var/project/xlink/dsacwn_pos/app/Providers/AppServiceProvider.php(31): Illuminate\\Foundation\\Bootstrap\\HandleExceptions->handleError()
#1 [internal function]: App\\Providers\\AppServiceProvider->boot()
#2 /var/project/xlink/dsacwn_pos/vendor/laravel/framework/src/Illuminate/Container/BoundMethod.php(29): call_user_func_array()
#3 /var/project/xlink/dsacwn_pos/vendor/laravel/framework/src/Illuminate/Container/BoundMethod.php(87): Illuminate\\Container\\BoundMethod::Illuminate\\Container\\{closure}()
#4 /var/project/xlink/dsacwn_pos/vendor/laravel/framework/src/Illuminate/Container/BoundMethod.php(31): Illuminate\\Container\\BoundMethod::callBoundMethod()
#5 /var/project/xlink/dsacwn_pos/vendor/laravel/framework/src/Illuminate/Container/Container.php(564): Illuminate\\Container\\BoundMethod::call()
#6 /var/project/xlink/dsacwn_pos/vendor/laravel/framework/src/Illuminate/Foundation/Application.php(794): Illuminate\\Container\\Container->call()
#7 /var/project/xlink/dsacwn_pos/vendor/laravel/framework/src/Illuminate/Foundation/Application.php(777): Illuminate\\Foundation\\Application->bootProvider()
#8 [internal function]: Illuminate\\Foundation\\Application->Illuminate\\Foundation\\{closure}()
#9 /var/project/xlink/dsacwn_pos/vendor/laravel/framework/src/Illuminate/Foundation/Application.php(778): array_walk()
#10 /var/project/xlink/dsacwn_pos/vendor/laravel/framework/src/Illuminate/Foundation/Bootstrap/BootProviders.php(17): Illuminate\\Foundation\\Application->boot()
#11 /var/project/xlink/dsacwn_pos/vendor/laravel/framework/src/Illuminate/Foundation/Application.php(206): Illuminate\\Foundation\\Bootstrap\\BootProviders->bootstrap()
#12 /var/project/xlink/dsacwn_pos/vendor/laravel/framework/src/Illuminate/Foundation/Console/Kernel.php(297): Illuminate\\Foundation\\Application->bootstrapWith()
#13 /var/project/xlink/dsacwn_pos/vendor/laravel/framework/src/Illuminate/Foundation/Console/Kernel.php(120): Illuminate\\Foundation\\Console\\Kernel->bootstrap()
#14 Command line code(1): Illuminate\\Foundation\\Console\\Kernel->handle()
#15 {main}
"} 
[2020-12-19 05:40:33] production.ERROR: Undefined index: SERVER_PORT {"exception":"[object] (ErrorException(code: 0): Undefined index: SERVER_PORT at /var/project/xlink/dsacwn_pos/app/Providers/AppServiceProvider.php:31)
[stacktrace]
#0 /var/project/xlink/dsacwn_pos/app/Providers/AppServiceProvider.php(31): Illuminate\\Foundation\\Bootstrap\\HandleExceptions->handleError()
#1 [internal function]: App\\Providers\\AppServiceProvider->boot()
#2 /var/project/xlink/dsacwn_pos/vendor/laravel/framework/src/Illuminate/Container/BoundMethod.php(29): call_user_func_array()
#3 /var/project/xlink/dsacwn_pos/vendor/laravel/framework/src/Illuminate/Container/BoundMethod.php(87): Illuminate\\Container\\BoundMethod::Illuminate\\Container\\{closure}()
#4 /var/project/xlink/dsacwn_pos/vendor/laravel/framework/src/Illuminate/Container/BoundMethod.php(31): Illuminate\\Container\\BoundMethod::callBoundMethod()
#5 /var/project/xlink/dsacwn_pos/vendor/laravel/framework/src/Illuminate/Container/Container.php(564): Illuminate\\Container\\BoundMethod::call()
#6 /var/project/xlink/dsacwn_pos/vendor/laravel/framework/src/Illuminate/Foundation/Application.php(794): Illuminate\\Container\\Container->call()
#7 /var/project/xlink/dsacwn_pos/vendor/laravel/framework/src/Illuminate/Foundation/Application.php(777): Illuminate\\Foundation\\Application->bootProvider()
#8 [internal function]: Illuminate\\Foundation\\Application->Illuminate\\Foundation\\{closure}()
#9 /var/project/xlink/dsacwn_pos/vendor/laravel/framework/src/Illuminate/Foundation/Application.php(778): array_walk()
#10 /var/project/xlink/dsacwn_pos/vendor/laravel/framework/src/Illuminate/Foundation/Bootstrap/BootProviders.php(17): Illuminate\\Foundation\\Application->boot()
#11 /var/project/xlink/dsacwn_pos/vendor/laravel/framework/src/Illuminate/Foundation/Application.php(206): Illuminate\\Foundation\\Bootstrap\\BootProviders->bootstrap()
#12 /var/project/xlink/dsacwn_pos/vendor/laravel/framework/src/Illuminate/Foundation/Console/Kernel.php(297): Illuminate\\Foundation\\Application->bootstrapWith()
#13 /var/project/xlink/dsacwn_pos/vendor/laravel/framework/src/Illuminate/Foundation/Console/Kernel.php(120): Illuminate\\Foundation\\Console\\Kernel->bootstrap()
#14 Command line code(1): Illuminate\\Foundation\\Console\\Kernel->handle()
#15 {main}
"} 
[2020-12-19 05:41:33] production.ERROR: Undefined index: SERVER_PORT {"exception":"[object] (ErrorException(code: 0): Undefined index: SERVER_PORT at /var/project/xlink/dsacwn_pos/app/Providers/AppServiceProvider.php:31)
[stacktrace]
#0 /var/project/xlink/dsacwn_pos/app/Providers/AppServiceProvider.php(31): Illuminate\\Foundation\\Bootstrap\\HandleExceptions->handleError()
#1 [internal function]: App\\Providers\\AppServiceProvider->boot()
#2 /var/project/xlink/dsacwn_pos/vendor/laravel/framework/src/Illuminate/Container/BoundMethod.php(29): call_user_func_array()
#3 /var/project/xlink/dsacwn_pos/vendor/laravel/framework/src/Illuminate/Container/BoundMethod.php(87): Illuminate\\Container\\BoundMethod::Illuminate\\Container\\{closure}()
#4 /var/project/xlink/dsacwn_pos/vendor/laravel/framework/src/Illuminate/Container/BoundMethod.php(31): Illuminate\\Container\\BoundMethod::callBoundMethod()
#5 /var/project/xlink/dsacwn_pos/vendor/laravel/framework/src/Illuminate/Container/Container.php(564): Illuminate\\Container\\BoundMethod::call()
#6 /var/project/xlink/dsacwn_pos/vendor/laravel/framework/src/Illuminate/Foundation/Application.php(794): Illuminate\\Container\\Container->call()
#7 /var/project/xlink/dsacwn_pos/vendor/laravel/framework/src/Illuminate/Foundation/Application.php(777): Illuminate\\Foundation\\Application->bootProvider()
#8 [internal function]: Illuminate\\Foundation\\Application->Illuminate\\Foundation\\{closure}()
#9 /var/project/xlink/dsacwn_pos/vendor/laravel/framework/src/Illuminate/Foundation/Application.php(778): array_walk()
#10 /var/project/xlink/dsacwn_pos/vendor/laravel/framework/src/Illuminate/Foundation/Bootstrap/BootProviders.php(17): Illuminate\\Foundation\\Application->boot()
#11 /var/project/xlink/dsacwn_pos/vendor/laravel/framework/src/Illuminate/Foundation/Application.php(206): Illuminate\\Foundation\\Bootstrap\\BootProviders->bootstrap()
#12 /var/project/xlink/dsacwn_pos/vendor/laravel/framework/src/Illuminate/Foundation/Console/Kernel.php(297): Illuminate\\Foundation\\Application->bootstrapWith()
#13 /var/project/xlink/dsacwn_pos/vendor/laravel/framework/src/Illuminate/Foundation/Console/Kernel.php(120): Illuminate\\Foundation\\Console\\Kernel->bootstrap()
#14 Command line code(1): Illuminate\\Foundation\\Console\\Kernel->handle()
#15 {main}
"} 
[2020-12-19 05:41:33] production.ERROR: Undefined index: SERVER_PORT {"exception":"[object] (ErrorException(code: 0): Undefined index: SERVER_PORT at /var/project/xlink/dsacwn_pos/app/Providers/AppServiceProvider.php:31)
[stacktrace]
#0 /var/project/xlink/dsacwn_pos/app/Providers/AppServiceProvider.php(31): Illuminate\\Foundation\\Bootstrap\\HandleExceptions->handleError()
#1 [internal function]: App\\Providers\\AppServiceProvider->boot()
#2 /var/project/xlink/dsacwn_pos/vendor/laravel/framework/src/Illuminate/Container/BoundMethod.php(29): call_user_func_array()
#3 /var/project/xlink/dsacwn_pos/vendor/laravel/framework/src/Illuminate/Container/BoundMethod.php(87): Illuminate\\Container\\BoundMethod::Illuminate\\Container\\{closure}()
#4 /var/project/xlink/dsacwn_pos/vendor/laravel/framework/src/Illuminate/Container/BoundMethod.php(31): Illuminate\\Container\\BoundMethod::callBoundMethod()
#5 /var/project/xlink/dsacwn_pos/vendor/laravel/framework/src/Illuminate/Container/Container.php(564): Illuminate\\Container\\BoundMethod::call()
#6 /var/project/xlink/dsacwn_pos/vendor/laravel/framework/src/Illuminate/Foundation/Application.php(794): Illuminate\\Container\\Container->call()
#7 /var/project/xlink/dsacwn_pos/vendor/laravel/framework/src/Illuminate/Foundation/Application.php(777): Illuminate\\Foundation\\Application->bootProvider()
#8 [internal function]: Illuminate\\Foundation\\Application->Illuminate\\Foundation\\{closure}()
#9 /var/project/xlink/dsacwn_pos/vendor/laravel/framework/src/Illuminate/Foundation/Application.php(778): array_walk()
#10 /var/project/xlink/dsacwn_pos/vendor/laravel/framework/src/Illuminate/Foundation/Bootstrap/BootProviders.php(17): Illuminate\\Foundation\\Application->boot()
#11 /var/project/xlink/dsacwn_pos/vendor/laravel/framework/src/Illuminate/Foundation/Application.php(206): Illuminate\\Foundation\\Bootstrap\\BootProviders->bootstrap()
#12 /var/project/xlink/dsacwn_pos/vendor/laravel/framework/src/Illuminate/Foundation/Console/Kernel.php(297): Illuminate\\Foundation\\Application->bootstrapWith()
#13 /var/project/xlink/dsacwn_pos/vendor/laravel/framework/src/Illuminate/Foundation/Console/Kernel.php(120): Illuminate\\Foundation\\Console\\Kernel->bootstrap()
#14 Command line code(1): Illuminate\\Foundation\\Console\\Kernel->handle()
#15 {main}
"} 
[2020-12-19 05:42:33] production.ERROR: Undefined index: SERVER_PORT {"exception":"[object] (ErrorException(code: 0): Undefined index: SERVER_PORT at /var/project/xlink/dsacwn_pos/app/Providers/AppServiceProvider.php:31)
[stacktrace]
#0 /var/project/xlink/dsacwn_pos/app/Providers/AppServiceProvider.php(31): Illuminate\\Foundation\\Bootstrap\\HandleExceptions->handleError()
#1 [internal function]: App\\Providers\\AppServiceProvider->boot()
#2 /var/project/xlink/dsacwn_pos/vendor/laravel/framework/src/Illuminate/Container/BoundMethod.php(29): call_user_func_array()
#3 /var/project/xlink/dsacwn_pos/vendor/laravel/framework/src/Illuminate/Container/BoundMethod.php(87): Illuminate\\Container\\BoundMethod::Illuminate\\Container\\{closure}()
#4 /var/project/xlink/dsacwn_pos/vendor/laravel/framework/src/Illuminate/Container/BoundMethod.php(31): Illuminate\\Container\\BoundMethod::callBoundMethod()
#5 /var/project/xlink/dsacwn_pos/vendor/laravel/framework/src/Illuminate/Container/Container.php(564): Illuminate\\Container\\BoundMethod::call()
#6 /var/project/xlink/dsacwn_pos/vendor/laravel/framework/src/Illuminate/Foundation/Application.php(794): Illuminate\\Container\\Container->call()
#7 /var/project/xlink/dsacwn_pos/vendor/laravel/framework/src/Illuminate/Foundation/Application.php(777): Illuminate\\Foundation\\Application->bootProvider()
#8 [internal function]: Illuminate\\Foundation\\Application->Illuminate\\Foundation\\{closure}()
#9 /var/project/xlink/dsacwn_pos/vendor/laravel/framework/src/Illuminate/Foundation/Application.php(778): array_walk()
#10 /var/project/xlink/dsacwn_pos/vendor/laravel/framework/src/Illuminate/Foundation/Bootstrap/BootProviders.php(17): Illuminate\\Foundation\\Application->boot()
#11 /var/project/xlink/dsacwn_pos/vendor/laravel/framework/src/Illuminate/Foundation/Application.php(206): Illuminate\\Foundation\\Bootstrap\\BootProviders->bootstrap()
#12 /var/project/xlink/dsacwn_pos/vendor/laravel/framework/src/Illuminate/Foundation/Console/Kernel.php(297): Illuminate\\Foundation\\Application->bootstrapWith()
#13 /var/project/xlink/dsacwn_pos/vendor/laravel/framework/src/Illuminate/Foundation/Console/Kernel.php(120): Illuminate\\Foundation\\Console\\Kernel->bootstrap()
#14 Command line code(1): Illuminate\\Foundation\\Console\\Kernel->handle()
#15 {main}
"} 
[2020-12-19 05:42:33] production.ERROR: Undefined index: SERVER_PORT {"exception":"[object] (ErrorException(code: 0): Undefined index: SERVER_PORT at /var/project/xlink/dsacwn_pos/app/Providers/AppServiceProvider.php:31)
[stacktrace]
#0 /var/project/xlink/dsacwn_pos/app/Providers/AppServiceProvider.php(31): Illuminate\\Foundation\\Bootstrap\\HandleExceptions->handleError()
#1 [internal function]: App\\Providers\\AppServiceProvider->boot()
#2 /var/project/xlink/dsacwn_pos/vendor/laravel/framework/src/Illuminate/Container/BoundMethod.php(29): call_user_func_array()
#3 /var/project/xlink/dsacwn_pos/vendor/laravel/framework/src/Illuminate/Container/BoundMethod.php(87): Illuminate\\Container\\BoundMethod::Illuminate\\Container\\{closure}()
#4 /var/project/xlink/dsacwn_pos/vendor/laravel/framework/src/Illuminate/Container/BoundMethod.php(31): Illuminate\\Container\\BoundMethod::callBoundMethod()
#5 /var/project/xlink/dsacwn_pos/vendor/laravel/framework/src/Illuminate/Container/Container.php(564): Illuminate\\Container\\BoundMethod::call()
#6 /var/project/xlink/dsacwn_pos/vendor/laravel/framework/src/Illuminate/Foundation/Application.php(794): Illuminate\\Container\\Container->call()
#7 /var/project/xlink/dsacwn_pos/vendor/laravel/framework/src/Illuminate/Foundation/Application.php(777): Illuminate\\Foundation\\Application->bootProvider()
#8 [internal function]: Illuminate\\Foundation\\Application->Illuminate\\Foundation\\{closure}()
#9 /var/project/xlink/dsacwn_pos/vendor/laravel/framework/src/Illuminate/Foundation/Application.php(778): array_walk()
#10 /var/project/xlink/dsacwn_pos/vendor/laravel/framework/src/Illuminate/Foundation/Bootstrap/BootProviders.php(17): Illuminate\\Foundation\\Application->boot()
#11 /var/project/xlink/dsacwn_pos/vendor/laravel/framework/src/Illuminate/Foundation/Application.php(206): Illuminate\\Foundation\\Bootstrap\\BootProviders->bootstrap()
#12 /var/project/xlink/dsacwn_pos/vendor/laravel/framework/src/Illuminate/Foundation/Console/Kernel.php(297): Illuminate\\Foundation\\Application->bootstrapWith()
#13 /var/project/xlink/dsacwn_pos/vendor/laravel/framework/src/Illuminate/Foundation/Console/Kernel.php(120): Illuminate\\Foundation\\Console\\Kernel->bootstrap()
#14 Command line code(1): Illuminate\\Foundation\\Console\\Kernel->handle()
#15 {main}
"} 
[2020-12-19 05:43:33] production.ERROR: Undefined index: SERVER_PORT {"exception":"[object] (ErrorException(code: 0): Undefined index: SERVER_PORT at /var/project/xlink/dsacwn_pos/app/Providers/AppServiceProvider.php:31)
[stacktrace]
#0 /var/project/xlink/dsacwn_pos/app/Providers/AppServiceProvider.php(31): Illuminate\\Foundation\\Bootstrap\\HandleExceptions->handleError()
#1 [internal function]: App\\Providers\\AppServiceProvider->boot()
#2 /var/project/xlink/dsacwn_pos/vendor/laravel/framework/src/Illuminate/Container/BoundMethod.php(29): call_user_func_array()
#3 /var/project/xlink/dsacwn_pos/vendor/laravel/framework/src/Illuminate/Container/BoundMethod.php(87): Illuminate\\Container\\BoundMethod::Illuminate\\Container\\{closure}()
#4 /var/project/xlink/dsacwn_pos/vendor/laravel/framework/src/Illuminate/Container/BoundMethod.php(31): Illuminate\\Container\\BoundMethod::callBoundMethod()
#5 /var/project/xlink/dsacwn_pos/vendor/laravel/framework/src/Illuminate/Container/Container.php(564): Illuminate\\Container\\BoundMethod::call()
#6 /var/project/xlink/dsacwn_pos/vendor/laravel/framework/src/Illuminate/Foundation/Application.php(794): Illuminate\\Container\\Container->call()
#7 /var/project/xlink/dsacwn_pos/vendor/laravel/framework/src/Illuminate/Foundation/Application.php(777): Illuminate\\Foundation\\Application->bootProvider()
#8 [internal function]: Illuminate\\Foundation\\Application->Illuminate\\Foundation\\{closure}()
#9 /var/project/xlink/dsacwn_pos/vendor/laravel/framework/src/Illuminate/Foundation/Application.php(778): array_walk()
#10 /var/project/xlink/dsacwn_pos/vendor/laravel/framework/src/Illuminate/Foundation/Bootstrap/BootProviders.php(17): Illuminate\\Foundation\\Application->boot()
#11 /var/project/xlink/dsacwn_pos/vendor/laravel/framework/src/Illuminate/Foundation/Application.php(206): Illuminate\\Foundation\\Bootstrap\\BootProviders->bootstrap()
#12 /var/project/xlink/dsacwn_pos/vendor/laravel/framework/src/Illuminate/Foundation/Console/Kernel.php(297): Illuminate\\Foundation\\Application->bootstrapWith()
#13 /var/project/xlink/dsacwn_pos/vendor/laravel/framework/src/Illuminate/Foundation/Console/Kernel.php(120): Illuminate\\Foundation\\Console\\Kernel->bootstrap()
#14 Command line code(1): Illuminate\\Foundation\\Console\\Kernel->handle()
#15 {main}
"} 
[2020-12-19 05:43:33] production.ERROR: Undefined index: SERVER_PORT {"exception":"[object] (ErrorException(code: 0): Undefined index: SERVER_PORT at /var/project/xlink/dsacwn_pos/app/Providers/AppServiceProvider.php:31)
[stacktrace]
#0 /var/project/xlink/dsacwn_pos/app/Providers/AppServiceProvider.php(31): Illuminate\\Foundation\\Bootstrap\\HandleExceptions->handleError()
#1 [internal function]: App\\Providers\\AppServiceProvider->boot()
#2 /var/project/xlink/dsacwn_pos/vendor/laravel/framework/src/Illuminate/Container/BoundMethod.php(29): call_user_func_array()
#3 /var/project/xlink/dsacwn_pos/vendor/laravel/framework/src/Illuminate/Container/BoundMethod.php(87): Illuminate\\Container\\BoundMethod::Illuminate\\Container\\{closure}()
#4 /var/project/xlink/dsacwn_pos/vendor/laravel/framework/src/Illuminate/Container/BoundMethod.php(31): Illuminate\\Container\\BoundMethod::callBoundMethod()
#5 /var/project/xlink/dsacwn_pos/vendor/laravel/framework/src/Illuminate/Container/Container.php(564): Illuminate\\Container\\BoundMethod::call()
#6 /var/project/xlink/dsacwn_pos/vendor/laravel/framework/src/Illuminate/Foundation/Application.php(794): Illuminate\\Container\\Container->call()
#7 /var/project/xlink/dsacwn_pos/vendor/laravel/framework/src/Illuminate/Foundation/Application.php(777): Illuminate\\Foundation\\Application->bootProvider()
#8 [internal function]: Illuminate\\Foundation\\Application->Illuminate\\Foundation\\{closure}()
#9 /var/project/xlink/dsacwn_pos/vendor/laravel/framework/src/Illuminate/Foundation/Application.php(778): array_walk()
#10 /var/project/xlink/dsacwn_pos/vendor/laravel/framework/src/Illuminate/Foundation/Bootstrap/BootProviders.php(17): Illuminate\\Foundation\\Application->boot()
#11 /var/project/xlink/dsacwn_pos/vendor/laravel/framework/src/Illuminate/Foundation/Application.php(206): Illuminate\\Foundation\\Bootstrap\\BootProviders->bootstrap()
#12 /var/project/xlink/dsacwn_pos/vendor/laravel/framework/src/Illuminate/Foundation/Console/Kernel.php(297): Illuminate\\Foundation\\Application->bootstrapWith()
#13 /var/project/xlink/dsacwn_pos/vendor/laravel/framework/src/Illuminate/Foundation/Console/Kernel.php(120): Illuminate\\Foundation\\Console\\Kernel->bootstrap()
#14 Command line code(1): Illuminate\\Foundation\\Console\\Kernel->handle()
#15 {main}
"} 
[2020-12-19 05:44:33] production.ERROR: Undefined index: SERVER_PORT {"exception":"[object] (ErrorException(code: 0): Undefined index: SERVER_PORT at /var/project/xlink/dsacwn_pos/app/Providers/AppServiceProvider.php:31)
[stacktrace]
#0 /var/project/xlink/dsacwn_pos/app/Providers/AppServiceProvider.php(31): Illuminate\\Foundation\\Bootstrap\\HandleExceptions->handleError()
#1 [internal function]: App\\Providers\\AppServiceProvider->boot()
#2 /var/project/xlink/dsacwn_pos/vendor/laravel/framework/src/Illuminate/Container/BoundMethod.php(29): call_user_func_array()
#3 /var/project/xlink/dsacwn_pos/vendor/laravel/framework/src/Illuminate/Container/BoundMethod.php(87): Illuminate\\Container\\BoundMethod::Illuminate\\Container\\{closure}()
#4 /var/project/xlink/dsacwn_pos/vendor/laravel/framework/src/Illuminate/Container/BoundMethod.php(31): Illuminate\\Container\\BoundMethod::callBoundMethod()
#5 /var/project/xlink/dsacwn_pos/vendor/laravel/framework/src/Illuminate/Container/Container.php(564): Illuminate\\Container\\BoundMethod::call()
#6 /var/project/xlink/dsacwn_pos/vendor/laravel/framework/src/Illuminate/Foundation/Application.php(794): Illuminate\\Container\\Container->call()
#7 /var/project/xlink/dsacwn_pos/vendor/laravel/framework/src/Illuminate/Foundation/Application.php(777): Illuminate\\Foundation\\Application->bootProvider()
#8 [internal function]: Illuminate\\Foundation\\Application->Illuminate\\Foundation\\{closure}()
#9 /var/project/xlink/dsacwn_pos/vendor/laravel/framework/src/Illuminate/Foundation/Application.php(778): array_walk()
#10 /var/project/xlink/dsacwn_pos/vendor/laravel/framework/src/Illuminate/Foundation/Bootstrap/BootProviders.php(17): Illuminate\\Foundation\\Application->boot()
#11 /var/project/xlink/dsacwn_pos/vendor/laravel/framework/src/Illuminate/Foundation/Application.php(206): Illuminate\\Foundation\\Bootstrap\\BootProviders->bootstrap()
#12 /var/project/xlink/dsacwn_pos/vendor/laravel/framework/src/Illuminate/Foundation/Console/Kernel.php(297): Illuminate\\Foundation\\Application->bootstrapWith()
#13 /var/project/xlink/dsacwn_pos/vendor/laravel/framework/src/Illuminate/Foundation/Console/Kernel.php(120): Illuminate\\Foundation\\Console\\Kernel->bootstrap()
#14 Command line code(1): Illuminate\\Foundation\\Console\\Kernel->handle()
#15 {main}
"} 
[2020-12-19 05:44:33] production.ERROR: Undefined index: SERVER_PORT {"exception":"[object] (ErrorException(code: 0): Undefined index: SERVER_PORT at /var/project/xlink/dsacwn_pos/app/Providers/AppServiceProvider.php:31)
[stacktrace]
#0 /var/project/xlink/dsacwn_pos/app/Providers/AppServiceProvider.php(31): Illuminate\\Foundation\\Bootstrap\\HandleExceptions->handleError()
#1 [internal function]: App\\Providers\\AppServiceProvider->boot()
#2 /var/project/xlink/dsacwn_pos/vendor/laravel/framework/src/Illuminate/Container/BoundMethod.php(29): call_user_func_array()
#3 /var/project/xlink/dsacwn_pos/vendor/laravel/framework/src/Illuminate/Container/BoundMethod.php(87): Illuminate\\Container\\BoundMethod::Illuminate\\Container\\{closure}()
#4 /var/project/xlink/dsacwn_pos/vendor/laravel/framework/src/Illuminate/Container/BoundMethod.php(31): Illuminate\\Container\\BoundMethod::callBoundMethod()
#5 /var/project/xlink/dsacwn_pos/vendor/laravel/framework/src/Illuminate/Container/Container.php(564): Illuminate\\Container\\BoundMethod::call()
#6 /var/project/xlink/dsacwn_pos/vendor/laravel/framework/src/Illuminate/Foundation/Application.php(794): Illuminate\\Container\\Container->call()
#7 /var/project/xlink/dsacwn_pos/vendor/laravel/framework/src/Illuminate/Foundation/Application.php(777): Illuminate\\Foundation\\Application->bootProvider()
#8 [internal function]: Illuminate\\Foundation\\Application->Illuminate\\Foundation\\{closure}()
#9 /var/project/xlink/dsacwn_pos/vendor/laravel/framework/src/Illuminate/Foundation/Application.php(778): array_walk()
#10 /var/project/xlink/dsacwn_pos/vendor/laravel/framework/src/Illuminate/Foundation/Bootstrap/BootProviders.php(17): Illuminate\\Foundation\\Application->boot()
#11 /var/project/xlink/dsacwn_pos/vendor/laravel/framework/src/Illuminate/Foundation/Application.php(206): Illuminate\\Foundation\\Bootstrap\\BootProviders->bootstrap()
#12 /var/project/xlink/dsacwn_pos/vendor/laravel/framework/src/Illuminate/Foundation/Console/Kernel.php(297): Illuminate\\Foundation\\Application->bootstrapWith()
#13 /var/project/xlink/dsacwn_pos/vendor/laravel/framework/src/Illuminate/Foundation/Console/Kernel.php(120): Illuminate\\Foundation\\Console\\Kernel->bootstrap()
#14 Command line code(1): Illuminate\\Foundation\\Console\\Kernel->handle()
#15 {main}
"} 
[2020-12-19 05:45:13] production.ERROR: Undefined index: SERVER_PORT {"exception":"[object] (ErrorException(code: 0): Undefined index: SERVER_PORT at /var/project/xlink/dsacwn_pos/app/Providers/AppServiceProvider.php:31)
[stacktrace]
#0 /var/project/xlink/dsacwn_pos/app/Providers/AppServiceProvider.php(31): Illuminate\\Foundation\\Bootstrap\\HandleExceptions->handleError()
#1 [internal function]: App\\Providers\\AppServiceProvider->boot()
#2 /var/project/xlink/dsacwn_pos/vendor/laravel/framework/src/Illuminate/Container/BoundMethod.php(29): call_user_func_array()
#3 /var/project/xlink/dsacwn_pos/vendor/laravel/framework/src/Illuminate/Container/BoundMethod.php(87): Illuminate\\Container\\BoundMethod::Illuminate\\Container\\{closure}()
#4 /var/project/xlink/dsacwn_pos/vendor/laravel/framework/src/Illuminate/Container/BoundMethod.php(31): Illuminate\\Container\\BoundMethod::callBoundMethod()
#5 /var/project/xlink/dsacwn_pos/vendor/laravel/framework/src/Illuminate/Container/Container.php(564): Illuminate\\Container\\BoundMethod::call()
#6 /var/project/xlink/dsacwn_pos/vendor/laravel/framework/src/Illuminate/Foundation/Application.php(794): Illuminate\\Container\\Container->call()
#7 /var/project/xlink/dsacwn_pos/vendor/laravel/framework/src/Illuminate/Foundation/Application.php(777): Illuminate\\Foundation\\Application->bootProvider()
#8 [internal function]: Illuminate\\Foundation\\Application->Illuminate\\Foundation\\{closure}()
#9 /var/project/xlink/dsacwn_pos/vendor/laravel/framework/src/Illuminate/Foundation/Application.php(778): array_walk()
#10 /var/project/xlink/dsacwn_pos/vendor/laravel/framework/src/Illuminate/Foundation/Bootstrap/BootProviders.php(17): Illuminate\\Foundation\\Application->boot()
#11 /var/project/xlink/dsacwn_pos/vendor/laravel/framework/src/Illuminate/Foundation/Application.php(206): Illuminate\\Foundation\\Bootstrap\\BootProviders->bootstrap()
#12 /var/project/xlink/dsacwn_pos/vendor/laravel/framework/src/Illuminate/Foundation/Console/Kernel.php(297): Illuminate\\Foundation\\Application->bootstrapWith()
#13 /var/project/xlink/dsacwn_pos/vendor/laravel/framework/src/Illuminate/Foundation/Console/Kernel.php(120): Illuminate\\Foundation\\Console\\Kernel->bootstrap()
#14 Command line code(1): Illuminate\\Foundation\\Console\\Kernel->handle()
#15 {main}
"} 
